{"level":"info","message":"Hello from Acquisitions API","service":"user-service"}
{"level":"info","message":"::1 - - [18/Sep/2025:10:11:50 +0000] \"GET / HTTP/1.1\" 200 27 \"-\" \"Mozilla/5.0 (Windows NT 10.0; Win64; x64) AppleWebKit/537.36 (KHTML, like Gecko) Chrome/140.0.0.0 Safari/537.36\"","service":"user-service"}
{"level":"info","message":"Hello from Acquisitions API","service":"user-service"}
{"level":"info","message":"::1 - - [18/Sep/2025:10:13:26 +0000] \"GET / HTTP/1.1\" 304 - \"-\" \"Mozilla/5.0 (Windows NT 10.0; Win64; x64) AppleWebKit/537.36 (KHTML, like Gecko) Chrome/140.0.0.0 Safari/537.36\"","service":"user-service"}
{"level":"info","message":"Hello from Acquisitions API","service":"user-service"}
{"level":"info","message":"::1 - - [18/Sep/2025:10:30:11 +0000] \"GET / HTTP/1.1\" 200 27 \"-\" \"HTTPie\"","service":"user-service"}
{"level":"info","message":"::1 - - [18/Sep/2025:11:35:44 +0000] \"GET /api/auth/sign-up HTTP/1.1\" 404 155 \"-\" \"HTTPie\"","service":"user-service"}
{"level":"info","message":"::1 - - [18/Sep/2025:11:35:54 +0000] \"POST /api/auth/sign-up HTTP/1.1\" 200 31 \"-\" \"HTTPie\"","service":"user-service"}
{"level":"info","message":"::1 - - [18/Sep/2025:11:38:09 +0000] \"POST /api/auth/sign-up HTTP/1.1\" 400 92 \"-\" \"HTTPie\"","service":"user-service"}
{"level":"info","message":"User registered successfully: undefined","service":"user-service"}
{"level":"info","message":"::1 - - [18/Sep/2025:11:39:55 +0000] \"POST /api/auth/sign-up HTTP/1.1\" 201 58 \"-\" \"HTTPie\"","service":"user-service"}
{"level":"info","message":"User registered successfully: xor@xor.com","service":"user-service"}
{"level":"info","message":"::1 - - [18/Sep/2025:11:41:41 +0000] \"POST /api/auth/sign-up HTTP/1.1\" 201 107 \"-\" \"HTTPie\"","service":"user-service"}
{"level":"info","message":"User created successfully: admin@admin.com","service":"user-service"}
{"level":"info","message":"User registered successfully: admin@admin.com","service":"user-service"}
{"level":"info","message":"::1 - - [18/Sep/2025:12:13:15 +0000] \"POST /api/auth/sign-up HTTP/1.1\" 201 114 \"-\" \"HTTPie\"","service":"user-service"}
{"level":"info","message":"User created successfully: xor@xor.pro","service":"user-service"}
{"level":"info","message":"User registered successfully: xor@xor.pro","service":"user-service"}
{"level":"info","message":"::1 - - [18/Sep/2025:12:14:11 +0000] \"POST /api/auth/sign-up HTTP/1.1\" 201 107 \"-\" \"HTTPie\"","service":"user-service"}
{"level":"info","message":"User authenticated successfully: xor@xor.pro","service":"user-service"}
{"level":"info","message":"User signed in successfully: xor@xor.pro","service":"user-service"}
{"level":"info","message":"::1 - - [18/Sep/2025:13:32:00 +0000] \"POST /api/auth/sign-in HTTP/1.1\" 200 106 \"-\" \"HTTPie\"","service":"user-service"}
{"level":"info","message":"User signed out successfully","service":"user-service"}
{"level":"info","message":"::1 - - [18/Sep/2025:13:32:41 +0000] \"POST /api/auth/sign-out HTTP/1.1\" 200 42 \"-\" \"HTTPie\"","service":"user-service"}
{"level":"info","message":"::1 - - [18/Sep/2025:14:58:15 +0000] \"POST /health HTTP/1.1\" 500 94 \"-\" \"HTTPie\"","service":"user-service"}
{"level":"info","message":"::1 - - [18/Sep/2025:14:58:28 +0000] \"GET /health HTTP/1.1\" 500 94 \"-\" \"HTTPie\"","service":"user-service"}
{"level":"info","message":"::1 - - [18/Sep/2025:14:58:29 +0000] \"GET /health HTTP/1.1\" 500 94 \"-\" \"HTTPie\"","service":"user-service"}
{"level":"info","message":"::1 - - [18/Sep/2025:14:59:55 +0000] \"GET /health HTTP/1.1\" 500 94 \"-\" \"HTTPie\"","service":"user-service"}
{"level":"info","message":"::1 - - [18/Sep/2025:15:00:34 +0000] \"GET /health HTTP/1.1\" 200 73 \"-\" \"HTTPie\"","service":"user-service"}
{"level":"info","message":"::1 - - [18/Sep/2025:15:00:37 +0000] \"GET /health HTTP/1.1\" 200 73 \"-\" \"HTTPie\"","service":"user-service"}
{"level":"info","message":"::1 - - [18/Sep/2025:15:00:37 +0000] \"GET /health HTTP/1.1\" 200 73 \"-\" \"HTTPie\"","service":"user-service"}
{"level":"info","message":"::1 - - [18/Sep/2025:15:00:38 +0000] \"GET /health HTTP/1.1\" 200 73 \"-\" \"HTTPie\"","service":"user-service"}
{"level":"info","message":"::1 - - [18/Sep/2025:15:00:38 +0000] \"GET /health HTTP/1.1\" 200 74 \"-\" \"HTTPie\"","service":"user-service"}
{"ip":"::1","level":"warn","message":"Rate limit exceeded","path":"/health","service":"user-service","userAgent":"HTTPie"}
{"level":"info","message":"::1 - - [18/Sep/2025:15:00:38 +0000] \"GET /health HTTP/1.1\" 403 52 \"-\" \"HTTPie\"","service":"user-service"}
{"ip":"::1","level":"warn","message":"Rate limit exceeded","path":"/health","service":"user-service","userAgent":"HTTPie"}
{"level":"info","message":"::1 - - [18/Sep/2025:15:00:39 +0000] \"GET /health HTTP/1.1\" 403 52 \"-\" \"HTTPie\"","service":"user-service"}
{"ip":"::1","level":"warn","message":"Rate limit exceeded","path":"/health","service":"user-service","userAgent":"HTTPie"}
{"level":"info","message":"::1 - - [18/Sep/2025:15:00:39 +0000] \"GET /health HTTP/1.1\" 403 52 \"-\" \"HTTPie\"","service":"user-service"}
{"ip":"::1","level":"warn","message":"Rate limit exceeded","path":"/health","service":"user-service","userAgent":"HTTPie"}
{"level":"info","message":"::1 - - [18/Sep/2025:15:00:39 +0000] \"GET /health HTTP/1.1\" 403 52 \"-\" \"HTTPie\"","service":"user-service"}
{"ip":"::1","level":"warn","message":"Rate limit exceeded","path":"/health","service":"user-service","userAgent":"HTTPie"}
{"level":"info","message":"::1 - - [18/Sep/2025:15:00:39 +0000] \"GET /health HTTP/1.1\" 403 52 \"-\" \"HTTPie\"","service":"user-service"}
{"ip":"::1","level":"warn","message":"Rate limit exceeded","path":"/health","service":"user-service","userAgent":"HTTPie"}
{"level":"info","message":"::1 - - [18/Sep/2025:15:00:40 +0000] \"GET /health HTTP/1.1\" 403 52 \"-\" \"HTTPie\"","service":"user-service"}
{"ip":"::1","level":"warn","message":"Rate limit exceeded","path":"/health","service":"user-service","userAgent":"HTTPie"}
{"level":"info","message":"::1 - - [18/Sep/2025:15:00:40 +0000] \"GET /health HTTP/1.1\" 403 52 \"-\" \"HTTPie\"","service":"user-service"}
{"ip":"::1","level":"warn","message":"Rate limit exceeded","path":"/health","service":"user-service","userAgent":"HTTPie"}
{"level":"info","message":"::1 - - [18/Sep/2025:15:00:40 +0000] \"GET /health HTTP/1.1\" 403 52 \"-\" \"HTTPie\"","service":"user-service"}
{"ip":"::1","level":"warn","message":"Rate limit exceeded","path":"/health","service":"user-service","userAgent":"HTTPie"}
{"level":"info","message":"::1 - - [18/Sep/2025:15:00:40 +0000] \"GET /health HTTP/1.1\" 403 52 \"-\" \"HTTPie\"","service":"user-service"}
{"ip":"::1","level":"warn","message":"Rate limit exceeded","path":"/health","service":"user-service","userAgent":"HTTPie"}
{"level":"info","message":"::1 - - [18/Sep/2025:15:00:41 +0000] \"GET /health HTTP/1.1\" 403 52 \"-\" \"HTTPie\"","service":"user-service"}
{"ip":"::1","level":"warn","message":"Rate limit exceeded","path":"/health","service":"user-service","userAgent":"HTTPie"}
{"level":"info","message":"::1 - - [18/Sep/2025:15:00:41 +0000] \"GET /health HTTP/1.1\" 403 52 \"-\" \"HTTPie\"","service":"user-service"}
{"ip":"::1","level":"warn","message":"Rate limit exceeded","path":"/health","service":"user-service","userAgent":"HTTPie"}
{"level":"info","message":"::1 - - [18/Sep/2025:15:00:42 +0000] \"GET /health HTTP/1.1\" 403 52 \"-\" \"HTTPie\"","service":"user-service"}
{"ip":"::1","level":"warn","message":"Rate limit exceeded","path":"/health","service":"user-service","userAgent":"HTTPie"}
{"level":"info","message":"::1 - - [18/Sep/2025:15:00:42 +0000] \"GET /health HTTP/1.1\" 403 52 \"-\" \"HTTPie\"","service":"user-service"}
